<?xml version="1.0" encoding="UTF-8"?>
<testsuite name="PasswordCheckerTest" tests="2" skipped="0" failures="0" errors="0" timestamp="2019-12-09T08:49:10" hostname="recruit-ThinkCentre-M73" time="0.511">
  <properties/>
  <testcase name="passwordIsValid()" classname="PasswordCheckerTest" time="0.507"/>
  <testcase name="passwordIsOk()" classname="PasswordCheckerTest" time="0.002"/>
  <system-out><![CDATA[[INFO ] 2019-12-09 10:49:10.605 [Test worker] PasswordChecker - Password is Valid
Password is OK
[INFO ] 2019-12-09 10:49:10.620 [Test worker] PasswordChecker - Password is Ok
]]></system-out>
  <system-err><![CDATA[]]></system-err>
</testsuite>
