<?xml version="1.0" encoding="UTF-8"?>
<testsuite name="PasswordCheckerTest" tests="3" skipped="0" failures="0" errors="0" timestamp="2019-12-06T10:30:00" hostname="recruit-ThinkCentre-M73" time="0.454">
  <properties/>
  <testcase name="passwordCheck()" classname="PasswordCheckerTest" time="0.449"/>
  <testcase name="passWordIsOK()" classname="PasswordCheckerTest" time="0.001"/>
  <testcase name="passWordIsEmpty()" classname="PasswordCheckerTest" time="0.001"/>
  <system-out><![CDATA[[INFO ] 2019-12-06 12:30:01.331 [Test worker] PasswordChecker - Password is Valid!
]]></system-out>
  <system-err><![CDATA[]]></system-err>
</testsuite>
