<?xml version="1.0" encoding="UTF-8"?>
<testsuite name="PasswordCheckerTest" tests="2" skipped="0" failures="0" errors="0" timestamp="2019-12-09T09:19:39" hostname="recruit-ThinkCentre-M73" time="0.48">
  <properties/>
  <testcase name="passwordIsValid()" classname="PasswordCheckerTest" time="0.477"/>
  <testcase name="passwordIsOk()" classname="PasswordCheckerTest" time="0.002"/>
  <system-out><![CDATA[[INFO ] 2019-12-09 11:19:40.028 [Test worker] PasswordChecker - Password is Valid
[INFO ] 2019-12-09 11:19:40.041 [Test worker] PasswordChecker - Password is Ok
]]></system-out>
  <system-err><![CDATA[]]></system-err>
</testsuite>
